0 info it worked if it ends with ok
1 verbose cli [ '/usr/local/Cellar/node/7.4.0/bin/node',
1 verbose cli   '/usr/local/bin/npm',
1 verbose cli   'publish' ]
2 info using npm@4.1.2
3 info using node@v7.4.0
4 verbose publish [ '.' ]
5 silly cache add args [ '.', null ]
6 verbose cache add spec .
7 silly cache add parsed spec Result {
7 silly cache add   raw: '.',
7 silly cache add   scope: null,
7 silly cache add   escapedName: null,
7 silly cache add   name: null,
7 silly cache add   rawSpec: '.',
7 silly cache add   spec: '/Users/Christian/Development/node/time-based-event-throttler',
7 silly cache add   type: 'directory' }
8 verbose addLocalDirectory /Users/Christian/.npm/time-based-event-throttler/0.1.0/package.tgz not in flight; packing
9 verbose correctMkdir /Users/Christian/.npm correctMkdir not in flight; initializing
10 info lifecycle time-based-event-throttler@0.1.0~prepublish: time-based-event-throttler@0.1.0
11 silly lifecycle time-based-event-throttler@0.1.0~prepublish: no script for prepublish, continuing
12 info lifecycle time-based-event-throttler@0.1.0~prepare: time-based-event-throttler@0.1.0
13 silly lifecycle time-based-event-throttler@0.1.0~prepare: no script for prepare, continuing
14 verbose tar pack [ '/Users/Christian/.npm/time-based-event-throttler/0.1.0/package.tgz',
14 verbose tar pack   '/Users/Christian/Development/node/time-based-event-throttler' ]
15 verbose tarball /Users/Christian/.npm/time-based-event-throttler/0.1.0/package.tgz
16 verbose folder /Users/Christian/Development/node/time-based-event-throttler
17 verbose addLocalTarball adding from inside cache /Users/Christian/.npm/time-based-event-throttler/0.1.0/package.tgz
18 verbose correctMkdir /Users/Christian/.npm correctMkdir not in flight; initializing
19 silly cache afterAdd time-based-event-throttler@0.1.0
20 verbose afterAdd /Users/Christian/.npm/time-based-event-throttler/0.1.0/package/package.json not in flight; writing
21 verbose correctMkdir /Users/Christian/.npm correctMkdir not in flight; initializing
22 verbose afterAdd /Users/Christian/.npm/time-based-event-throttler/0.1.0/package/package.json written
23 silly publish { name: 'time-based-event-throttler',
23 silly publish   version: '0.1.0',
23 silly publish   description: 'Periodically lets pass one event from an eventemitter when a defined amount of time has passed.',
23 silly publish   main: 'lib/TimeBasedEventThrottler.js',
23 silly publish   scripts: { test: 'mocha test/' },
23 silly publish   keywords: [ 'callback', 'EventEmitter', 'throttling' ],
23 silly publish   author: { name: 'Christian Ortiz' },
23 silly publish   license: 'ISC',
23 silly publish   dependencies: { 'statman-stopwatch': '^2.4.0' },
23 silly publish   devDependencies: { mocha: '^3.2.0', sinon: '^1.17.7' },
23 silly publish   readme: 'ERROR: No README data found!',
23 silly publish   readmeFilename: 'readme.md',
23 silly publish   gitHead: '30881e19902209253423653d2d1ceaa852d0966f',
23 silly publish   _id: 'time-based-event-throttler@0.1.0',
23 silly publish   _shasum: '9201a04c31a2d79d12e9e34c0258b025b998c613',
23 silly publish   _from: '.' }
24 info lifecycle time-based-event-throttler@0.1.0~prepublishOnly: time-based-event-throttler@0.1.0
25 silly lifecycle time-based-event-throttler@0.1.0~prepublishOnly: no script for prepublishOnly, continuing
26 verbose getPublishConfig undefined
27 silly mapToRegistry name time-based-event-throttler
28 silly mapToRegistry using default registry
29 silly mapToRegistry registry https://registry.npmjs.org/
30 silly mapToRegistry data Result {
30 silly mapToRegistry   raw: 'time-based-event-throttler',
30 silly mapToRegistry   scope: null,
30 silly mapToRegistry   escapedName: 'time-based-event-throttler',
30 silly mapToRegistry   name: 'time-based-event-throttler',
30 silly mapToRegistry   rawSpec: '',
30 silly mapToRegistry   spec: 'latest',
30 silly mapToRegistry   type: 'tag' }
31 silly mapToRegistry uri https://registry.npmjs.org/time-based-event-throttler
32 verbose publish registryBase https://registry.npmjs.org/
33 silly publish uploading /Users/Christian/.npm/time-based-event-throttler/0.1.0/package.tgz
34 verbose request uri https://registry.npmjs.org/time-based-event-throttler
35 verbose request sending authorization for write operation
36 info attempt registry request try #1 at 20:19:49
37 verbose request using bearer token for auth
38 verbose request id 8e16a1e75f655aca
39 http request PUT https://registry.npmjs.org/time-based-event-throttler
40 http 403 https://registry.npmjs.org/time-based-event-throttler
41 verbose headers { 'content-type': 'application/json',
41 verbose headers   'cache-control': 'max-age=300',
41 verbose headers   'content-length': '95',
41 verbose headers   'accept-ranges': 'bytes',
41 verbose headers   date: 'Wed, 18 Jan 2017 19:19:43 GMT',
41 verbose headers   via: '1.1 varnish',
41 verbose headers   connection: 'keep-alive',
41 verbose headers   'x-served-by': 'cache-hhn1545-HHN',
41 verbose headers   'x-cache': 'MISS',
41 verbose headers   'x-cache-hits': '0',
41 verbose headers   'x-timer': 'S1484767182.341525,VS0,VE1311',
41 verbose headers   vary: 'Accept-Encoding' }
42 verbose request invalidating /Users/Christian/.npm/registry.npmjs.org/time-based-event-throttler on PUT
43 error publish Failed PUT 403
44 verbose stack Error: "You cannot publish over the previously published version 0.1.0." : time-based-event-throttler
44 verbose stack     at makeError (/usr/local/lib/node_modules/npm/node_modules/npm-registry-client/lib/request.js:304:12)
44 verbose stack     at CachingRegistryClient.<anonymous> (/usr/local/lib/node_modules/npm/node_modules/npm-registry-client/lib/request.js:292:14)
44 verbose stack     at Request._callback (/usr/local/lib/node_modules/npm/node_modules/npm-registry-client/lib/request.js:212:14)
44 verbose stack     at Request.self.callback (/usr/local/lib/node_modules/npm/node_modules/request/request.js:186:22)
44 verbose stack     at emitTwo (events.js:106:13)
44 verbose stack     at Request.emit (events.js:191:7)
44 verbose stack     at Request.<anonymous> (/usr/local/lib/node_modules/npm/node_modules/request/request.js:1081:10)
44 verbose stack     at emitOne (events.js:96:13)
44 verbose stack     at Request.emit (events.js:188:7)
44 verbose stack     at IncomingMessage.<anonymous> (/usr/local/lib/node_modules/npm/node_modules/request/request.js:1001:12)
45 verbose statusCode 403
46 verbose pkgid time-based-event-throttler
47 verbose cwd /Users/Christian/Development/node/time-based-event-throttler
48 error Darwin 16.3.0
49 error argv "/usr/local/Cellar/node/7.4.0/bin/node" "/usr/local/bin/npm" "publish"
50 error node v7.4.0
51 error npm  v4.1.2
52 error code E403
53 error "You cannot publish over the previously published version 0.1.0." : time-based-event-throttler
54 error If you need help, you may report this error at:
54 error     <https://github.com/npm/npm/issues>
55 verbose exit [ 1, true ]
